/Users/lhogie/perso/local_files/job/dev/workspaces/general/byransha/target/classes
/Users/lhogie/.m2/repository/io/github/lhogie/toools/master-129978b233-1/toools-master-129978b233-1.jar
/Users/lhogie/.m2/repository/org/yaml/snakeyaml/1.21/snakeyaml-1.21.jar
/Users/lhogie/.m2/repository/me/grison/jtoml/1.1.1/jtoml-1.1.1.jar
/Users/lhogie/.m2/repository/com/fasterxml/jackson/dataformat/jackson-dataformat-xml/2.13.2/jackson-dataformat-xml-2.13.2.jar
/Users/lhogie/.m2/repository/com/fasterxml/jackson/core/jackson-annotations/2.13.2/jackson-annotations-2.13.2.jar
/Users/lhogie/.m2/repository/com/fasterxml/jackson/core/jackson-databind/2.13.2/jackson-databind-2.13.2.jar
/Users/lhogie/.m2/repository/org/codehaus/woodstox/stax2-api/4.2.1/stax2-api-4.2.1.jar
/Users/lhogie/.m2/repository/com/fasterxml/woodstox/woodstox-core/6.2.7/woodstox-core-6.2.7.jar
/Users/lhogie/.m2/repository/com/fasterxml/jackson/core/jackson-core/2.13.2/jackson-core-2.13.2.jar
/Users/lhogie/.m2/repository/com/google/code/gson/gson/2.8.6/gson-2.8.6.jar
/Users/lhogie/.m2/repository/it/unimi/dsi/fastutil/8.3.1/fastutil-8.3.1.jar
/Users/lhogie/.m2/repository/org/jsonex/JSONCoder/0.1.24/JSONCoder-0.1.24.jar
/Users/lhogie/.m2/repository/org/jsonex/treedoc/0.1.24/treedoc-0.1.24.jar
/Users/lhogie/.m2/repository/org/jsonex/core/0.1.24/core-0.1.24.jar
/Users/lhogie/.m2/repository/org/slf4j/slf4j-jdk14/1.7.25/slf4j-jdk14-1.7.25.jar
/Users/lhogie/.m2/repository/org/slf4j/slf4j-api/1.7.25/slf4j-api-1.7.25.jar
/Users/lhogie/.m2/repository/commons-io/commons-io/1.3.2/commons-io-1.3.2.jar
/Users/lhogie/.m2/repository/org/swinglabs/pdf-renderer/1.0.5/pdf-renderer-1.0.5.jar
/Users/lhogie/.m2/repository/de/ruedigermoeller/fst/3.0.1/fst-3.0.1.jar
/Users/lhogie/.m2/repository/org/javassist/javassist/3.21.0-GA/javassist-3.21.0-GA.jar
/Users/lhogie/.m2/repository/org/objenesis/objenesis/2.5.1/objenesis-2.5.1.jar
/Users/lhogie/.m2/repository/com/opencsv/opencsv/5.1/opencsv-5.1.jar
/Users/lhogie/.m2/repository/org/apache/commons/commons-lang3/3.9/commons-lang3-3.9.jar
/Users/lhogie/.m2/repository/org/apache/commons/commons-text/1.8/commons-text-1.8.jar
/Users/lhogie/.m2/repository/commons-beanutils/commons-beanutils/1.9.4/commons-beanutils-1.9.4.jar
/Users/lhogie/.m2/repository/commons-logging/commons-logging/1.2/commons-logging-1.2.jar
/Users/lhogie/.m2/repository/commons-collections/commons-collections/3.2.2/commons-collections-3.2.2.jar
/Users/lhogie/.m2/repository/org/apache/commons/commons-collections4/4.4/commons-collections4-4.4.jar
/Users/lhogie/.m2/repository/com/upokecenter/cbor/5.0.0-alpha2/cbor-5.0.0-alpha2.jar
/Users/lhogie/.m2/repository/com/github/peteroupc/numbers/1.8.2/numbers-1.8.2.jar
/Users/lhogie/.m2/repository/com/github/peteroupc/datautilities/1.1.0/datautilities-1.1.0.jar
/Users/lhogie/.m2/repository/org/mapdb/mapdb/3.1.0/mapdb-3.1.0.jar
/Users/lhogie/.m2/repository/org/jetbrains/kotlin/kotlin-stdlib/1.9.25/kotlin-stdlib-1.9.25.jar
/Users/lhogie/.m2/repository/org/jetbrains/annotations/13.0/annotations-13.0.jar
/Users/lhogie/.m2/repository/org/eclipse/collections/eclipse-collections-api/10.4.0/eclipse-collections-api-10.4.0.jar
/Users/lhogie/.m2/repository/org/eclipse/collections/eclipse-collections/10.4.0/eclipse-collections-10.4.0.jar
/Users/lhogie/.m2/repository/org/eclipse/collections/eclipse-collections-forkjoin/10.4.0/eclipse-collections-forkjoin-10.4.0.jar
/Users/lhogie/.m2/repository/com/google/guava/guava/33.5.0-jre/guava-33.5.0-jre.jar
/Users/lhogie/.m2/repository/com/google/guava/failureaccess/1.0.3/failureaccess-1.0.3.jar
/Users/lhogie/.m2/repository/com/google/guava/listenablefuture/9999.0-empty-to-avoid-conflict-with-guava/listenablefuture-9999.0-empty-to-avoid-conflict-with-guava.jar
/Users/lhogie/.m2/repository/org/jspecify/jspecify/1.0.0/jspecify-1.0.0.jar
/Users/lhogie/.m2/repository/com/google/errorprone/error_prone_annotations/2.41.0/error_prone_annotations-2.41.0.jar
/Users/lhogie/.m2/repository/com/google/j2objc/j2objc-annotations/3.1/j2objc-annotations-3.1.jar
/Users/lhogie/.m2/repository/net/jpountz/lz4/lz4/1.3.0/lz4-1.3.0.jar
/Users/lhogie/.m2/repository/org/mapdb/elsa/3.0.0-M5/elsa-3.0.0-M5.jar
/Users/lhogie/.m2/repository/com/formdev/flatlaf/3.7/flatlaf-3.7.jar
/Users/lhogie/.m2/repository/com/formdev/flatlaf-intellij-themes/3.7/flatlaf-intellij-themes-3.7.jar
